<?xml version="1.0" encoding="UTF-8"?>
<!-- Generated by org.testng.reporters.JUnitReportReporter -->
<testsuite hostname="LAPTOP-LUDBQB77" failures="0" tests="1" name="StepDefinitions.stepdefinitions" time="8.583" errors="0" timestamp="2025-05-18T00:05:14 IST" skipped="0">
  <testcase classname="StepDefinitions.stepdefinitions" name="testFlightBookingFlowWithValidations" time="8.583"/>
</testsuite> <!-- StepDefinitions.stepdefinitions -->
